<?xml version="1.0" encoding="UTF-8"?>
<testng-results ignored="0" total="1" passed="1" failed="0" skipped="0">
  <reporter-output>
  </reporter-output>
  <suite started-at="2024-12-16T14:37:38 IST" name="Default suite" finished-at="2024-12-16T14:37:52 IST" duration-ms="13285">
    <groups>
    </groups>
    <test started-at="2024-12-16T14:37:38 IST" name="Default test" finished-at="2024-12-16T14:37:52 IST" duration-ms="13285">
      <class name="com.orm.testcases.PropertyDetailsTestcases">
        <test-method is-config="true" signature="propDetails()[pri:0, instance:com.orm.testcases.PropertyDetailsTestcases@31c88ec8]" started-at="2024-12-16T14:37:39 IST" name="propDetails" finished-at="2024-12-16T14:37:52 IST" duration-ms="13215" status="PASS">
          <reporter-output>
          </reporter-output>
        </test-method> <!-- propDetails -->
        <test-method signature="display()[pri:0, instance:com.orm.testcases.PropertyDetailsTestcases@31c88ec8]" started-at="2024-12-16T14:37:52 IST" name="display" finished-at="2024-12-16T14:37:52 IST" duration-ms="9" status="PASS">
          <reporter-output>
          </reporter-output>
        </test-method> <!-- display -->
      </class> <!-- com.orm.testcases.PropertyDetailsTestcases -->
    </test> <!-- Default test -->
  </suite> <!-- Default suite -->
</testng-results>
